SF:lib/components/utils/number_converter_util.dart
DA:2,2
DA:3,2
DA:7,2
DA:18,2
DA:20,2
DA:26,2
DA:27,10
DA:31,4
DA:34,2
DA:37,4
DA:44,2
DA:47,2
DA:51,2
DA:52,2
DA:53,6
DA:56,2
DA:57,1
DA:58,3
DA:61,2
DA:62,6
DA:63,4
DA:64,10
DA:67,4
DA:68,10
DA:71,6
DA:82,3
DA:94,6
DA:104,6
DA:116,6
LF:29
LH:29
end_of_record
SF:lib/components/extensions/string_extension.dart
DA:2,2
DA:3,2
DA:8,2
DA:11,4
DA:12,2
DA:14,2
DA:17,10
DA:21,2
DA:23,2
LF:9
LH:9
end_of_record
SF:lib/components/widgets/error_tooltip.dart
DA:4,4
DA:11,4
DA:13,4
DA:15,4
DA:16,4
DA:18,4
DA:19,12
DA:20,4
DA:22,4
DA:23,4
DA:24,4
DA:25,8
DA:29,4
DA:31,4
DA:32,4
DA:33,12
DA:44,4
DA:50,1
DA:52,3
DA:53,4
DA:56,3
DA:57,9
DA:59,2
DA:60,1
DA:61,2
DA:62,1
LF:26
LH:26
end_of_record
SF:lib/components/widgets/gluon_text_form_field.dart
DA:7,3
DA:37,3
DA:39,3
DA:41,3
DA:42,6
DA:43,3
DA:45,9
DA:47,3
DA:49,3
DA:50,6
DA:52,3
DA:53,3
DA:54,3
DA:55,3
DA:56,3
DA:57,3
DA:58,3
DA:59,3
DA:60,3
DA:61,3
DA:62,2
DA:63,3
DA:64,2
DA:66,4
DA:67,0
DA:70,6
DA:72,3
DA:73,2
DA:74,0
DA:75,2
DA:77,6
DA:80,6
DA:83,3
DA:86,3
DA:87,3
DA:88,3
DA:89,3
DA:95,3
DA:98,3
DA:99,12
DA:104,3
DA:105,3
LF:42
LH:40
end_of_record
SF:lib/main.dart
DA:6,0
DA:7,0
DA:11,8
DA:13,1
DA:15,1
DA:17,1
DA:18,1
DA:19,1
DA:21,1
DA:24,1
DA:25,1
DA:26,1
DA:27,1
DA:31,1
DA:32,1
DA:33,1
DA:34,1
DA:38,1
DA:39,1
DA:40,1
DA:41,1
DA:45,1
DA:46,1
DA:47,1
DA:48,1
DA:60,8
DA:62,1
DA:64,1
DA:65,1
DA:66,1
DA:67,1
DA:69,1
DA:70,1
DA:71,0
DA:72,0
DA:73,0
DA:78,1
DA:79,0
DA:80,0
DA:81,0
LF:40
LH:32
end_of_record
SF:lib/screens/logic_test_screen.dart
DA:9,8
DA:11,1
DA:12,1
DA:20,1
DA:22,2
DA:23,2
DA:24,1
DA:27,1
DA:29,2
DA:30,2
DA:31,1
DA:34,1
DA:36,1
DA:37,1
DA:38,1
DA:39,4
DA:40,3
DA:42,2
DA:43,1
DA:45,1
DA:46,1
DA:47,0
DA:48,0
DA:51,1
DA:53,3
DA:59,1
DA:60,1
DA:62,1
DA:63,1
DA:64,3
DA:65,3
DA:72,1
DA:74,1
DA:75,1
DA:79,3
DA:82,1
DA:83,1
DA:84,1
DA:85,1
DA:86,1
DA:87,1
DA:90,2
DA:91,1
DA:96,1
DA:98,1
DA:99,1
DA:103,1
DA:104,3
DA:115,1
DA:116,1
DA:118,0
DA:119,0
DA:120,0
DA:125,3
DA:127,2
DA:130,1
DA:131,1
DA:135,1
DA:141,1
LF:59
LH:54
end_of_record
SF:lib/screens/widget_test_screen.dart
DA:6,8
DA:8,1
DA:9,1
DA:16,1
DA:18,2
DA:19,1
DA:22,1
DA:24,2
DA:25,1
DA:28,1
DA:30,1
DA:31,1
DA:32,1
DA:33,1
DA:35,1
DA:36,1
DA:37,3
DA:38,1
DA:39,1
DA:40,1
DA:41,1
DA:42,1
DA:43,3
DA:53,1
DA:54,1
DA:55,1
DA:57,1
DA:58,1
DA:59,1
DA:60,4
DA:61,0
DA:62,1
DA:63,1
LF:33
LH:32
end_of_record
